<?xml version="1.0" encoding="UTF-8"?>
<!-- Generated by org.testng.reporters.JUnitXMLReporter -->
<testsuite hostname="QB-KRT-10118" ignored="0" name="Test" tests="8" failures="8" timestamp="19 Nov 2019 14:56:14 GMT" time="70.353" errors="0">
  <testcase name="runScenario" time="4.169" classname="io.cucumber.testng.AbstractTestNGCucumberTests">
    <failure type="java.lang.AssertionError" message="Login page header text mismatch found expected [Login Form] but found [Logout Form]">
      <![CDATA[java.lang.AssertionError: Login page header text mismatch found expected [Login Form] but found [Logout Form]
at pageObjects.loginPage.WhetherHeaderIsPresentInThePage(loginPage.java:72)
at stepDefinitions.loginPageSteps.checkWhetherHeaderIsPresentInThePage(loginPageSteps.java:25)
at ✽.header "Login Form" is present in the page(file:src/main/resources/featureList/loginpage.feature:8)
... Removed 5 stack frames]]>
    </failure>
  </testcase> <!-- runScenario -->
  <testcase name="runScenario" time="7.463" classname="io.cucumber.testng.AbstractTestNGCucumberTests">
    <failure type="java.lang.AssertionError" message="Amount sort failed.Values are in random order expected [true] but found [false]">
      <![CDATA[java.lang.AssertionError: Amount sort failed.Values are in random order expected [true] but found [false]
at pageObjects.dashboard.AmountsAreInAccendingOrder(dashboard.java:54)
at stepDefinitions.dashboardSteps.assertAmountsAreInAscendingOrder(dashboardSteps.java:26)
at ✽.amounts are in ascending order(file:src/main/resources/featureList/amountSort.feature:11)
... Removed 3 stack frames]]>
    </failure>
  </testcase> <!-- runScenario -->
  <testcase name="runScenario" time="3.284" classname="io.cucumber.testng.AbstractTestNGCucumberTests">
    <failure type="java.lang.AssertionError" message="username and password empty warning mismatch found expected [Both Username and Password must be present] but found [Please enter both username and password]">
      <![CDATA[java.lang.AssertionError: username and password empty warning mismatch found expected [Both Username and Password must be present] but found [Please enter both username and password]
at pageObjects.loginPage.fieldEmtyWarmingIsShown(loginPage.java:141)
at stepDefinitions.loginPageSteps.passwordAndUsernameEmptyErrorIsShown(loginPageSteps.java:90)
at ✽.password and username empty "Both Username and Password must be present" error is shown(file:src/main/resources/featureList/loginpage.feature:27)
... Removed 5 stack frames]]>
    </failure>
  </testcase> <!-- runScenario -->
  <testcase name="runScenario" time="24.592" classname="io.cucumber.testng.AbstractTestNGCucumberTests">
    <failure type="com.applitools.eyes.exceptions.DiffsFoundException" message="Test &amp;apos;login UI components&amp;apos; of &amp;apos;Hackathon&amp;apos; detected differences! See details at: https://eyes.applitools.com/app/batches/00000251828125472261/00000251828125472074?accountId=qoGJj8hxc0mEZSOJID-FVg~~">
      <![CDATA[com.applitools.eyes.exceptions.DiffsFoundException: Test 'login UI components' of 'Hackathon' detected differences! See details at: https://eyes.applitools.com/app/batches/00000251828125472261/00000251828125472074?accountId=qoGJj8hxc0mEZSOJID-FVg~~
at com.applitools.eyes.EyesBase.close(EyesBase.java:510)
at com.applitools.eyes.selenium.SeleniumEyes.close(SeleniumEyes.java:1903)
at com.applitools.eyes.selenium.Eyes.close(Eyes.java:541)
at com.applitools.eyes.selenium.Eyes.close(Eyes.java:155)
at stepDefinitions.Hooks.AfterSteps(Hooks.java:17)
at cucumber.runtime.Utils$1.call(Utils.java:26)
at cucumber.runtime.Timeout.timeout(Timeout.java:16)
at cucumber.runtime.Utils.invoke(Utils.java:20)
at cucumber.runtime.java.JavaHookDefinition.execute(JavaHookDefinition.java:65)
at cucumber.runner.HookDefinitionMatch.runStep(HookDefinitionMatch.java:16)
at cucumber.runner.TestStep.executeStep(TestStep.java:65)
at cucumber.runner.TestStep.run(TestStep.java:50)
at cucumber.runner.TestCase.run(TestCase.java:50)
at cucumber.runner.Runner.runPickle(Runner.java:50)
at io.cucumber.testng.TestNGCucumberRunner.runScenario(TestNGCucumberRunner.java:69)
at io.cucumber.testng.AbstractTestNGCucumberTests.runScenario(AbstractTestNGCucumberTests.java:24)
at java.util.concurrent.FutureTask.run(FutureTask.java:266)
at java.util.concurrent.Executors$RunnableAdapter.call(Executors.java:511)
at java.util.concurrent.FutureTask.run(FutureTask.java:266)
at java.util.concurrent.ThreadPoolExecutor.runWorker(ThreadPoolExecutor.java:1149)
at java.util.concurrent.ThreadPoolExecutor$Worker.run(ThreadPoolExecutor.java:624)
at java.lang.Thread.run(Thread.java:748)
... Removed 13 stack frames]]>
    </failure>
  </testcase> <!-- runScenario -->
  <testcase name="runScenario" time="30.552" classname="io.cucumber.testng.AbstractTestNGCucumberTests">
    <failure type="com.applitools.eyes.exceptions.DiffsFoundException" message="Test &amp;apos;Dashboard amount sort functionality&amp;apos; of &amp;apos;Hackathon&amp;apos; detected differences! See details at: https://eyes.applitools.com/app/batches/00000251828125472267/00000251828125472064?accountId=qoGJj8hxc0mEZSOJID-FVg~~">
      <![CDATA[com.applitools.eyes.exceptions.DiffsFoundException: Test 'Dashboard amount sort functionality' of 'Hackathon' detected differences! See details at: https://eyes.applitools.com/app/batches/00000251828125472267/00000251828125472064?accountId=qoGJj8hxc0mEZSOJID-FVg~~
at com.applitools.eyes.EyesBase.close(EyesBase.java:510)
at com.applitools.eyes.selenium.SeleniumEyes.close(SeleniumEyes.java:1903)
at com.applitools.eyes.selenium.Eyes.close(Eyes.java:541)
at com.applitools.eyes.selenium.Eyes.close(Eyes.java:155)
at stepDefinitions.Hooks.AfterSteps(Hooks.java:17)
at cucumber.runtime.Utils$1.call(Utils.java:26)
at cucumber.runtime.Timeout.timeout(Timeout.java:16)
at cucumber.runtime.Utils.invoke(Utils.java:20)
at cucumber.runtime.java.JavaHookDefinition.execute(JavaHookDefinition.java:65)
at cucumber.runner.HookDefinitionMatch.runStep(HookDefinitionMatch.java:16)
at cucumber.runner.TestStep.executeStep(TestStep.java:65)
at cucumber.runner.TestStep.run(TestStep.java:50)
at cucumber.runner.TestCase.run(TestCase.java:50)
at cucumber.runner.Runner.runPickle(Runner.java:50)
at io.cucumber.testng.TestNGCucumberRunner.runScenario(TestNGCucumberRunner.java:69)
at io.cucumber.testng.AbstractTestNGCucumberTests.runScenario(AbstractTestNGCucumberTests.java:24)
at java.util.concurrent.FutureTask.run(FutureTask.java:266)
at java.util.concurrent.Executors$RunnableAdapter.call(Executors.java:511)
at java.util.concurrent.FutureTask.run(FutureTask.java:266)
at java.util.concurrent.ThreadPoolExecutor.runWorker(ThreadPoolExecutor.java:1149)
at java.util.concurrent.ThreadPoolExecutor$Worker.run(ThreadPoolExecutor.java:624)
at java.lang.Thread.run(Thread.java:748)
... Removed 13 stack frames]]>
    </failure>
  </testcase> <!-- runScenario -->
  <testcase name="runScenario" time="38.84" classname="io.cucumber.testng.AbstractTestNGCucumberTests">
    <failure type="com.applitools.eyes.exceptions.DiffsFoundException" message="Test &amp;apos;Chart data 2018 and 2019&amp;apos; of &amp;apos;Hackathon&amp;apos; detected differences! See details at: https://eyes.applitools.com/app/batches/00000251828125472269/00000251828125472081?accountId=qoGJj8hxc0mEZSOJID-FVg~~">
      <![CDATA[com.applitools.eyes.exceptions.DiffsFoundException: Test 'Chart data 2018 and 2019' of 'Hackathon' detected differences! See details at: https://eyes.applitools.com/app/batches/00000251828125472269/00000251828125472081?accountId=qoGJj8hxc0mEZSOJID-FVg~~
at com.applitools.eyes.EyesBase.close(EyesBase.java:510)
at com.applitools.eyes.selenium.SeleniumEyes.close(SeleniumEyes.java:1903)
at com.applitools.eyes.selenium.Eyes.close(Eyes.java:541)
at com.applitools.eyes.selenium.Eyes.close(Eyes.java:155)
at stepDefinitions.Hooks.AfterSteps(Hooks.java:17)
at cucumber.runtime.Utils$1.call(Utils.java:26)
at cucumber.runtime.Timeout.timeout(Timeout.java:16)
at cucumber.runtime.Utils.invoke(Utils.java:20)
at cucumber.runtime.java.JavaHookDefinition.execute(JavaHookDefinition.java:65)
at cucumber.runner.HookDefinitionMatch.runStep(HookDefinitionMatch.java:16)
at cucumber.runner.TestStep.executeStep(TestStep.java:65)
at cucumber.runner.TestStep.run(TestStep.java:50)
at cucumber.runner.TestCase.run(TestCase.java:50)
at cucumber.runner.Runner.runPickle(Runner.java:50)
at io.cucumber.testng.TestNGCucumberRunner.runScenario(TestNGCucumberRunner.java:69)
at io.cucumber.testng.AbstractTestNGCucumberTests.runScenario(AbstractTestNGCucumberTests.java:24)
at java.util.concurrent.FutureTask.run(FutureTask.java:266)
at java.util.concurrent.Executors$RunnableAdapter.call(Executors.java:511)
at java.util.concurrent.FutureTask.run(FutureTask.java:266)
at java.util.concurrent.ThreadPoolExecutor.runWorker(ThreadPoolExecutor.java:1149)
at java.util.concurrent.ThreadPoolExecutor$Worker.run(ThreadPoolExecutor.java:624)
at java.lang.Thread.run(Thread.java:748)
... Removed 13 stack frames]]>
    </failure>
  </testcase> <!-- runScenario -->
  <testcase name="runScenario" time="39.145" classname="io.cucumber.testng.AbstractTestNGCucumberTests">
    <failure type="com.applitools.eyes.exceptions.DiffsFoundException" message="Test &amp;apos;Dashboard advertisements&amp;apos; of &amp;apos;Hackathon&amp;apos; detected differences! See details at: https://eyes.applitools.com/app/batches/00000251828125472266/00000251828125472078?accountId=qoGJj8hxc0mEZSOJID-FVg~~">
      <![CDATA[com.applitools.eyes.exceptions.DiffsFoundException: Test 'Dashboard advertisements' of 'Hackathon' detected differences! See details at: https://eyes.applitools.com/app/batches/00000251828125472266/00000251828125472078?accountId=qoGJj8hxc0mEZSOJID-FVg~~
at com.applitools.eyes.EyesBase.close(EyesBase.java:510)
at com.applitools.eyes.selenium.SeleniumEyes.close(SeleniumEyes.java:1903)
at com.applitools.eyes.selenium.Eyes.close(Eyes.java:541)
at com.applitools.eyes.selenium.Eyes.close(Eyes.java:155)
at stepDefinitions.Hooks.AfterSteps(Hooks.java:17)
at cucumber.runtime.Utils$1.call(Utils.java:26)
at cucumber.runtime.Timeout.timeout(Timeout.java:16)
at cucumber.runtime.Utils.invoke(Utils.java:20)
at cucumber.runtime.java.JavaHookDefinition.execute(JavaHookDefinition.java:65)
at cucumber.runner.HookDefinitionMatch.runStep(HookDefinitionMatch.java:16)
at cucumber.runner.TestStep.executeStep(TestStep.java:65)
at cucumber.runner.TestStep.run(TestStep.java:50)
at cucumber.runner.TestCase.run(TestCase.java:50)
at cucumber.runner.Runner.runPickle(Runner.java:50)
at io.cucumber.testng.TestNGCucumberRunner.runScenario(TestNGCucumberRunner.java:69)
at io.cucumber.testng.AbstractTestNGCucumberTests.runScenario(AbstractTestNGCucumberTests.java:24)
at java.util.concurrent.FutureTask.run(FutureTask.java:266)
at java.util.concurrent.Executors$RunnableAdapter.call(Executors.java:511)
at java.util.concurrent.FutureTask.run(FutureTask.java:266)
at java.util.concurrent.ThreadPoolExecutor.runWorker(ThreadPoolExecutor.java:1149)
at java.util.concurrent.ThreadPoolExecutor$Worker.run(ThreadPoolExecutor.java:624)
at java.lang.Thread.run(Thread.java:748)
... Removed 13 stack frames]]>
    </failure>
  </testcase> <!-- runScenario -->
  <testcase name="runScenario" time="59.415" classname="io.cucumber.testng.AbstractTestNGCucumberTests">
    <failure type="com.applitools.eyes.exceptions.DiffsFoundException" message="Test &amp;apos;Login page username and password empty&amp;apos; of &amp;apos;Hackathon&amp;apos; detected differences! See details at: https://eyes.applitools.com/app/batches/00000251828125471837/00000251828125471696?accountId=qoGJj8hxc0mEZSOJID-FVg~~">
      <![CDATA[com.applitools.eyes.exceptions.DiffsFoundException: Test 'Login page username and password empty' of 'Hackathon' detected differences! See details at: https://eyes.applitools.com/app/batches/00000251828125471837/00000251828125471696?accountId=qoGJj8hxc0mEZSOJID-FVg~~
at com.applitools.eyes.EyesBase.close(EyesBase.java:510)
at com.applitools.eyes.selenium.SeleniumEyes.close(SeleniumEyes.java:1903)
at com.applitools.eyes.selenium.Eyes.close(Eyes.java:541)
at com.applitools.eyes.selenium.Eyes.close(Eyes.java:155)
at stepDefinitions.Hooks.AfterSteps(Hooks.java:17)
at cucumber.runtime.Utils$1.call(Utils.java:26)
at cucumber.runtime.Timeout.timeout(Timeout.java:16)
at cucumber.runtime.Utils.invoke(Utils.java:20)
at cucumber.runtime.java.JavaHookDefinition.execute(JavaHookDefinition.java:65)
at cucumber.runner.HookDefinitionMatch.runStep(HookDefinitionMatch.java:16)
at cucumber.runner.TestStep.executeStep(TestStep.java:65)
at cucumber.runner.TestStep.run(TestStep.java:50)
at cucumber.runner.TestCase.run(TestCase.java:50)
at cucumber.runner.Runner.runPickle(Runner.java:50)
at io.cucumber.testng.TestNGCucumberRunner.runScenario(TestNGCucumberRunner.java:69)
at io.cucumber.testng.AbstractTestNGCucumberTests.runScenario(AbstractTestNGCucumberTests.java:24)
at java.util.concurrent.FutureTask.run(FutureTask.java:266)
at java.util.concurrent.Executors$RunnableAdapter.call(Executors.java:511)
at java.util.concurrent.FutureTask.run(FutureTask.java:266)
at java.util.concurrent.ThreadPoolExecutor.runWorker(ThreadPoolExecutor.java:1149)
at java.util.concurrent.ThreadPoolExecutor$Worker.run(ThreadPoolExecutor.java:624)
at java.lang.Thread.run(Thread.java:748)
... Removed 13 stack frames]]>
    </failure>
  </testcase> <!-- runScenario -->
</testsuite> <!-- Test -->
