<?xml version="1.0" encoding="UTF-8"?>
<testng-results skipped="0" failed="5" ignored="0" total="5" passed="0">
  <reporter-output>
  </reporter-output>
  <suite name="Suite" duration-ms="61225" started-at="2019-11-18T17:08:31Z" finished-at="2019-11-18T17:09:32Z">
    <groups>
      <group name="cucumber">
        <method signature="AbstractTestNGCucumberTests.runScenario(io.cucumber.testng.PickleEventWrapper, io.cucumber.testng.CucumberFeatureWrapper)[pri:0, instance:runnerFiles.TestRunner@5afa04c]" name="runScenario" class="io.cucumber.testng.AbstractTestNGCucumberTests"/>
      </group> <!-- cucumber -->
    </groups>
    <test name="Test" duration-ms="61225" started-at="2019-11-18T17:08:31Z" finished-at="2019-11-18T17:09:32Z">
      <class name="runnerFiles.TestRunner">
        <test-method status="PASS" signature="setUpClass()[pri:0, instance:runnerFiles.TestRunner@5afa04c]" name="setUpClass" is-config="true" duration-ms="44" started-at="2019-11-18T17:08:31Z" finished-at="2019-11-18T17:08:31Z">
          <reporter-output>
          </reporter-output>
        </test-method> <!-- setUpClass -->
        <test-method status="FAIL" signature="runScenario(io.cucumber.testng.PickleEventWrapper, io.cucumber.testng.CucumberFeatureWrapper)[pri:0, instance:runnerFiles.TestRunner@5afa04c]" name="runScenario" duration-ms="30205" started-at="2019-11-18T17:08:31Z" description="Runs Cucumber Scenarios" data-provider="scenarios" finished-at="2019-11-18T17:09:01Z">
          <params>
            <param index="0">
              <value>
                <![CDATA["As customer Jack wants to sort dashboard table in ascending order of amounts"]]>
              </value>
            </param>
            <param index="1">
              <value>
                <![CDATA["As a customer verify the sort Functionality available in dashboard"]]>
              </value>
            </param>
          </params>
          <exception class="com.applitools.eyes.exceptions.DiffsFoundException">
            <message>
              <![CDATA[Test 'Dashboard amount sort functionality' of 'Hackathon' detected differences! See details at: https://eyes.applitools.com/app/batches/00000251828203867777/00000251828203867667?accountId=qoGJj8hxc0mEZSOJID-FVg~~]]>
            </message>
            <full-stacktrace>
              <![CDATA[com.applitools.eyes.exceptions.DiffsFoundException: Test 'Dashboard amount sort functionality' of 'Hackathon' detected differences! See details at: https://eyes.applitools.com/app/batches/00000251828203867777/00000251828203867667?accountId=qoGJj8hxc0mEZSOJID-FVg~~
at com.applitools.eyes.EyesBase.close(EyesBase.java:510)
at com.applitools.eyes.selenium.SeleniumEyes.close(SeleniumEyes.java:1903)
at com.applitools.eyes.selenium.Eyes.close(Eyes.java:541)
at com.applitools.eyes.selenium.Eyes.close(Eyes.java:155)
at stepDefinitions.Hooks.AfterSteps(Hooks.java:17)
at sun.reflect.NativeMethodAccessorImpl.invoke0(Native Method)
at sun.reflect.NativeMethodAccessorImpl.invoke(NativeMethodAccessorImpl.java:62)
at sun.reflect.DelegatingMethodAccessorImpl.invoke(DelegatingMethodAccessorImpl.java:43)
at java.lang.reflect.Method.invoke(Method.java:498)
at cucumber.runtime.Utils$1.call(Utils.java:26)
at cucumber.runtime.Timeout.timeout(Timeout.java:16)
at cucumber.runtime.Utils.invoke(Utils.java:20)
at cucumber.runtime.java.JavaHookDefinition.execute(JavaHookDefinition.java:65)
at cucumber.runner.HookDefinitionMatch.runStep(HookDefinitionMatch.java:16)
at cucumber.runner.TestStep.executeStep(TestStep.java:65)
at cucumber.runner.TestStep.run(TestStep.java:50)
at cucumber.runner.TestCase.run(TestCase.java:50)
at cucumber.runner.Runner.runPickle(Runner.java:50)
at io.cucumber.testng.TestNGCucumberRunner.runScenario(TestNGCucumberRunner.java:69)
at io.cucumber.testng.AbstractTestNGCucumberTests.runScenario(AbstractTestNGCucumberTests.java:24)
at sun.reflect.NativeMethodAccessorImpl.invoke0(Native Method)
at sun.reflect.NativeMethodAccessorImpl.invoke(NativeMethodAccessorImpl.java:62)
at sun.reflect.DelegatingMethodAccessorImpl.invoke(DelegatingMethodAccessorImpl.java:43)
at java.lang.reflect.Method.invoke(Method.java:498)
at org.testng.internal.MethodInvocationHelper.invokeMethod(MethodInvocationHelper.java:124)
at org.testng.internal.Invoker.invokeMethod(Invoker.java:583)
at org.testng.internal.Invoker.invokeTestMethod(Invoker.java:719)
at org.testng.internal.TestMethodWithDataProviderMethodWorker.call(TestMethodWithDataProviderMethodWorker.java:71)
at org.testng.internal.TestMethodWithDataProviderMethodWorker.call(TestMethodWithDataProviderMethodWorker.java:14)
at java.util.concurrent.FutureTask.run(FutureTask.java:266)
at java.util.concurrent.Executors$RunnableAdapter.call(Executors.java:511)
at java.util.concurrent.FutureTask.run(FutureTask.java:266)
at java.util.concurrent.ThreadPoolExecutor.runWorker(ThreadPoolExecutor.java:1149)
at java.util.concurrent.ThreadPoolExecutor$Worker.run(ThreadPoolExecutor.java:624)
at java.lang.Thread.run(Thread.java:748)
]]>
            </full-stacktrace>
          </exception> <!-- com.applitools.eyes.exceptions.DiffsFoundException -->
          <reporter-output>
          </reporter-output>
        </test-method> <!-- runScenario -->
        <test-method status="FAIL" signature="runScenario(io.cucumber.testng.PickleEventWrapper, io.cucumber.testng.CucumberFeatureWrapper)[pri:0, instance:runnerFiles.TestRunner@5afa04c]" name="runScenario" duration-ms="39259" started-at="2019-11-18T17:08:31Z" description="Runs Cucumber Scenarios" data-provider="scenarios" finished-at="2019-11-18T17:09:10Z">
          <params>
            <param index="0">
              <value>
                <![CDATA["As business user Nick wants to assert the presence of advertisements in dashboard"]]>
              </value>
            </param>
            <param index="1">
              <value>
                <![CDATA["As a business user verify the presence of advertisements in dashboard"]]>
              </value>
            </param>
          </params>
          <exception class="com.applitools.eyes.exceptions.DiffsFoundException">
            <message>
              <![CDATA[Test 'Dashboard advertisements' of 'Hackathon' detected differences! See details at: https://eyes.applitools.com/app/batches/00000251828203867791/00000251828203867666?accountId=qoGJj8hxc0mEZSOJID-FVg~~]]>
            </message>
            <full-stacktrace>
              <![CDATA[com.applitools.eyes.exceptions.DiffsFoundException: Test 'Dashboard advertisements' of 'Hackathon' detected differences! See details at: https://eyes.applitools.com/app/batches/00000251828203867791/00000251828203867666?accountId=qoGJj8hxc0mEZSOJID-FVg~~
at com.applitools.eyes.EyesBase.close(EyesBase.java:510)
at com.applitools.eyes.selenium.SeleniumEyes.close(SeleniumEyes.java:1903)
at com.applitools.eyes.selenium.Eyes.close(Eyes.java:541)
at com.applitools.eyes.selenium.Eyes.close(Eyes.java:155)
at stepDefinitions.Hooks.AfterSteps(Hooks.java:17)
at sun.reflect.NativeMethodAccessorImpl.invoke0(Native Method)
at sun.reflect.NativeMethodAccessorImpl.invoke(NativeMethodAccessorImpl.java:62)
at sun.reflect.DelegatingMethodAccessorImpl.invoke(DelegatingMethodAccessorImpl.java:43)
at java.lang.reflect.Method.invoke(Method.java:498)
at cucumber.runtime.Utils$1.call(Utils.java:26)
at cucumber.runtime.Timeout.timeout(Timeout.java:16)
at cucumber.runtime.Utils.invoke(Utils.java:20)
at cucumber.runtime.java.JavaHookDefinition.execute(JavaHookDefinition.java:65)
at cucumber.runner.HookDefinitionMatch.runStep(HookDefinitionMatch.java:16)
at cucumber.runner.TestStep.executeStep(TestStep.java:65)
at cucumber.runner.TestStep.run(TestStep.java:50)
at cucumber.runner.TestCase.run(TestCase.java:50)
at cucumber.runner.Runner.runPickle(Runner.java:50)
at io.cucumber.testng.TestNGCucumberRunner.runScenario(TestNGCucumberRunner.java:69)
at io.cucumber.testng.AbstractTestNGCucumberTests.runScenario(AbstractTestNGCucumberTests.java:24)
at sun.reflect.NativeMethodAccessorImpl.invoke0(Native Method)
at sun.reflect.NativeMethodAccessorImpl.invoke(NativeMethodAccessorImpl.java:62)
at sun.reflect.DelegatingMethodAccessorImpl.invoke(DelegatingMethodAccessorImpl.java:43)
at java.lang.reflect.Method.invoke(Method.java:498)
at org.testng.internal.MethodInvocationHelper.invokeMethod(MethodInvocationHelper.java:124)
at org.testng.internal.Invoker.invokeMethod(Invoker.java:583)
at org.testng.internal.Invoker.invokeTestMethod(Invoker.java:719)
at org.testng.internal.TestMethodWithDataProviderMethodWorker.call(TestMethodWithDataProviderMethodWorker.java:71)
at org.testng.internal.TestMethodWithDataProviderMethodWorker.call(TestMethodWithDataProviderMethodWorker.java:14)
at java.util.concurrent.FutureTask.run(FutureTask.java:266)
at java.util.concurrent.Executors$RunnableAdapter.call(Executors.java:511)
at java.util.concurrent.FutureTask.run(FutureTask.java:266)
at java.util.concurrent.ThreadPoolExecutor.runWorker(ThreadPoolExecutor.java:1149)
at java.util.concurrent.ThreadPoolExecutor$Worker.run(ThreadPoolExecutor.java:624)
at java.lang.Thread.run(Thread.java:748)
]]>
            </full-stacktrace>
          </exception> <!-- com.applitools.eyes.exceptions.DiffsFoundException -->
          <reporter-output>
          </reporter-output>
        </test-method> <!-- runScenario -->
        <test-method status="FAIL" signature="runScenario(io.cucumber.testng.PickleEventWrapper, io.cucumber.testng.CucumberFeatureWrapper)[pri:0, instance:runnerFiles.TestRunner@5afa04c]" name="runScenario" duration-ms="39593" started-at="2019-11-18T17:08:31Z" description="Runs Cucumber Scenarios" data-provider="scenarios" finished-at="2019-11-18T17:09:11Z">
          <params>
            <param index="0">
              <value>
                <![CDATA["As customer Jack wants to see expense charts for year 2018 and 2019"]]>
              </value>
            </param>
            <param index="1">
              <value>
                <![CDATA["As customer verify the Chart Functionality available in dashboard"]]>
              </value>
            </param>
          </params>
          <exception class="com.applitools.eyes.exceptions.DiffsFoundException">
            <message>
              <![CDATA[Test 'Chart data 2018 and 2019' of 'Hackathon' detected differences! See details at: https://eyes.applitools.com/app/batches/00000251828203867793/00000251828203867668?accountId=qoGJj8hxc0mEZSOJID-FVg~~]]>
            </message>
            <full-stacktrace>
              <![CDATA[com.applitools.eyes.exceptions.DiffsFoundException: Test 'Chart data 2018 and 2019' of 'Hackathon' detected differences! See details at: https://eyes.applitools.com/app/batches/00000251828203867793/00000251828203867668?accountId=qoGJj8hxc0mEZSOJID-FVg~~
at com.applitools.eyes.EyesBase.close(EyesBase.java:510)
at com.applitools.eyes.selenium.SeleniumEyes.close(SeleniumEyes.java:1903)
at com.applitools.eyes.selenium.Eyes.close(Eyes.java:541)
at com.applitools.eyes.selenium.Eyes.close(Eyes.java:155)
at stepDefinitions.Hooks.AfterSteps(Hooks.java:17)
at sun.reflect.NativeMethodAccessorImpl.invoke0(Native Method)
at sun.reflect.NativeMethodAccessorImpl.invoke(NativeMethodAccessorImpl.java:62)
at sun.reflect.DelegatingMethodAccessorImpl.invoke(DelegatingMethodAccessorImpl.java:43)
at java.lang.reflect.Method.invoke(Method.java:498)
at cucumber.runtime.Utils$1.call(Utils.java:26)
at cucumber.runtime.Timeout.timeout(Timeout.java:16)
at cucumber.runtime.Utils.invoke(Utils.java:20)
at cucumber.runtime.java.JavaHookDefinition.execute(JavaHookDefinition.java:65)
at cucumber.runner.HookDefinitionMatch.runStep(HookDefinitionMatch.java:16)
at cucumber.runner.TestStep.executeStep(TestStep.java:65)
at cucumber.runner.TestStep.run(TestStep.java:50)
at cucumber.runner.TestCase.run(TestCase.java:50)
at cucumber.runner.Runner.runPickle(Runner.java:50)
at io.cucumber.testng.TestNGCucumberRunner.runScenario(TestNGCucumberRunner.java:69)
at io.cucumber.testng.AbstractTestNGCucumberTests.runScenario(AbstractTestNGCucumberTests.java:24)
at sun.reflect.NativeMethodAccessorImpl.invoke0(Native Method)
at sun.reflect.NativeMethodAccessorImpl.invoke(NativeMethodAccessorImpl.java:62)
at sun.reflect.DelegatingMethodAccessorImpl.invoke(DelegatingMethodAccessorImpl.java:43)
at java.lang.reflect.Method.invoke(Method.java:498)
at org.testng.internal.MethodInvocationHelper.invokeMethod(MethodInvocationHelper.java:124)
at org.testng.internal.Invoker.invokeMethod(Invoker.java:583)
at org.testng.internal.Invoker.invokeTestMethod(Invoker.java:719)
at org.testng.internal.TestMethodWithDataProviderMethodWorker.call(TestMethodWithDataProviderMethodWorker.java:71)
at org.testng.internal.TestMethodWithDataProviderMethodWorker.call(TestMethodWithDataProviderMethodWorker.java:14)
at java.util.concurrent.FutureTask.run(FutureTask.java:266)
at java.util.concurrent.Executors$RunnableAdapter.call(Executors.java:511)
at java.util.concurrent.FutureTask.run(FutureTask.java:266)
at java.util.concurrent.ThreadPoolExecutor.runWorker(ThreadPoolExecutor.java:1149)
at java.util.concurrent.ThreadPoolExecutor$Worker.run(ThreadPoolExecutor.java:624)
at java.lang.Thread.run(Thread.java:748)
]]>
            </full-stacktrace>
          </exception> <!-- com.applitools.eyes.exceptions.DiffsFoundException -->
          <reporter-output>
          </reporter-output>
        </test-method> <!-- runScenario -->
        <test-method status="FAIL" signature="runScenario(io.cucumber.testng.PickleEventWrapper, io.cucumber.testng.CucumberFeatureWrapper)[pri:0, instance:runnerFiles.TestRunner@5afa04c]" name="runScenario" duration-ms="61038" started-at="2019-11-18T17:08:31Z" description="Runs Cucumber Scenarios" data-provider="scenarios" finished-at="2019-11-18T17:09:32Z">
          <params>
            <param index="0">
              <value>
                <![CDATA["Login page functionality using applitools"]]>
              </value>
            </param>
            <param index="1">
              <value>
                <![CDATA["As an existing customer verify the UI and Functionality of the login page"]]>
              </value>
            </param>
          </params>
          <exception class="com.applitools.eyes.exceptions.DiffsFoundException">
            <message>
              <![CDATA[Test 'Login page username and password empty' of 'Hackathon' detected differences! See details at: https://eyes.applitools.com/app/batches/00000251828203867759/00000251828203867502?accountId=qoGJj8hxc0mEZSOJID-FVg~~]]>
            </message>
            <full-stacktrace>
              <![CDATA[com.applitools.eyes.exceptions.DiffsFoundException: Test 'Login page username and password empty' of 'Hackathon' detected differences! See details at: https://eyes.applitools.com/app/batches/00000251828203867759/00000251828203867502?accountId=qoGJj8hxc0mEZSOJID-FVg~~
at com.applitools.eyes.EyesBase.close(EyesBase.java:510)
at com.applitools.eyes.selenium.SeleniumEyes.close(SeleniumEyes.java:1903)
at com.applitools.eyes.selenium.Eyes.close(Eyes.java:541)
at com.applitools.eyes.selenium.Eyes.close(Eyes.java:155)
at stepDefinitions.Hooks.AfterSteps(Hooks.java:17)
at sun.reflect.NativeMethodAccessorImpl.invoke0(Native Method)
at sun.reflect.NativeMethodAccessorImpl.invoke(NativeMethodAccessorImpl.java:62)
at sun.reflect.DelegatingMethodAccessorImpl.invoke(DelegatingMethodAccessorImpl.java:43)
at java.lang.reflect.Method.invoke(Method.java:498)
at cucumber.runtime.Utils$1.call(Utils.java:26)
at cucumber.runtime.Timeout.timeout(Timeout.java:16)
at cucumber.runtime.Utils.invoke(Utils.java:20)
at cucumber.runtime.java.JavaHookDefinition.execute(JavaHookDefinition.java:65)
at cucumber.runner.HookDefinitionMatch.runStep(HookDefinitionMatch.java:16)
at cucumber.runner.TestStep.executeStep(TestStep.java:65)
at cucumber.runner.TestStep.run(TestStep.java:50)
at cucumber.runner.TestCase.run(TestCase.java:50)
at cucumber.runner.Runner.runPickle(Runner.java:50)
at io.cucumber.testng.TestNGCucumberRunner.runScenario(TestNGCucumberRunner.java:69)
at io.cucumber.testng.AbstractTestNGCucumberTests.runScenario(AbstractTestNGCucumberTests.java:24)
at sun.reflect.NativeMethodAccessorImpl.invoke0(Native Method)
at sun.reflect.NativeMethodAccessorImpl.invoke(NativeMethodAccessorImpl.java:62)
at sun.reflect.DelegatingMethodAccessorImpl.invoke(DelegatingMethodAccessorImpl.java:43)
at java.lang.reflect.Method.invoke(Method.java:498)
at org.testng.internal.MethodInvocationHelper.invokeMethod(MethodInvocationHelper.java:124)
at org.testng.internal.Invoker.invokeMethod(Invoker.java:583)
at org.testng.internal.Invoker.invokeTestMethod(Invoker.java:719)
at org.testng.internal.TestMethodWithDataProviderMethodWorker.call(TestMethodWithDataProviderMethodWorker.java:71)
at org.testng.internal.TestMethodWithDataProviderMethodWorker.call(TestMethodWithDataProviderMethodWorker.java:14)
at java.util.concurrent.FutureTask.run(FutureTask.java:266)
at java.util.concurrent.Executors$RunnableAdapter.call(Executors.java:511)
at java.util.concurrent.FutureTask.run(FutureTask.java:266)
at java.util.concurrent.ThreadPoolExecutor.runWorker(ThreadPoolExecutor.java:1149)
at java.util.concurrent.ThreadPoolExecutor$Worker.run(ThreadPoolExecutor.java:624)
at java.lang.Thread.run(Thread.java:748)
]]>
            </full-stacktrace>
          </exception> <!-- com.applitools.eyes.exceptions.DiffsFoundException -->
          <reporter-output>
          </reporter-output>
        </test-method> <!-- runScenario -->
        <test-method status="FAIL" signature="runScenario(io.cucumber.testng.PickleEventWrapper, io.cucumber.testng.CucumberFeatureWrapper)[pri:0, instance:runnerFiles.TestRunner@5afa04c]" name="runScenario" duration-ms="27272" started-at="2019-11-18T17:08:31Z" description="Runs Cucumber Scenarios" data-provider="scenarios" finished-at="2019-11-18T17:08:58Z">
          <params>
            <param index="0">
              <value>
                <![CDATA["As an existing customer Mr John is at login page"]]>
              </value>
            </param>
            <param index="1">
              <value>
                <![CDATA["As an existing customer verify the UI and Functionality of the login page"]]>
              </value>
            </param>
          </params>
          <exception class="com.applitools.eyes.exceptions.DiffsFoundException">
            <message>
              <![CDATA[Test 'login UI components' of 'Hackathon' detected differences! See details at: https://eyes.applitools.com/app/batches/00000251828203867792/00000251828203867667?accountId=qoGJj8hxc0mEZSOJID-FVg~~]]>
            </message>
            <full-stacktrace>
              <![CDATA[com.applitools.eyes.exceptions.DiffsFoundException: Test 'login UI components' of 'Hackathon' detected differences! See details at: https://eyes.applitools.com/app/batches/00000251828203867792/00000251828203867667?accountId=qoGJj8hxc0mEZSOJID-FVg~~
at com.applitools.eyes.EyesBase.close(EyesBase.java:510)
at com.applitools.eyes.selenium.SeleniumEyes.close(SeleniumEyes.java:1903)
at com.applitools.eyes.selenium.Eyes.close(Eyes.java:541)
at com.applitools.eyes.selenium.Eyes.close(Eyes.java:155)
at stepDefinitions.Hooks.AfterSteps(Hooks.java:17)
at sun.reflect.NativeMethodAccessorImpl.invoke0(Native Method)
at sun.reflect.NativeMethodAccessorImpl.invoke(NativeMethodAccessorImpl.java:62)
at sun.reflect.DelegatingMethodAccessorImpl.invoke(DelegatingMethodAccessorImpl.java:43)
at java.lang.reflect.Method.invoke(Method.java:498)
at cucumber.runtime.Utils$1.call(Utils.java:26)
at cucumber.runtime.Timeout.timeout(Timeout.java:16)
at cucumber.runtime.Utils.invoke(Utils.java:20)
at cucumber.runtime.java.JavaHookDefinition.execute(JavaHookDefinition.java:65)
at cucumber.runner.HookDefinitionMatch.runStep(HookDefinitionMatch.java:16)
at cucumber.runner.TestStep.executeStep(TestStep.java:65)
at cucumber.runner.TestStep.run(TestStep.java:50)
at cucumber.runner.TestCase.run(TestCase.java:50)
at cucumber.runner.Runner.runPickle(Runner.java:50)
at io.cucumber.testng.TestNGCucumberRunner.runScenario(TestNGCucumberRunner.java:69)
at io.cucumber.testng.AbstractTestNGCucumberTests.runScenario(AbstractTestNGCucumberTests.java:24)
at sun.reflect.NativeMethodAccessorImpl.invoke0(Native Method)
at sun.reflect.NativeMethodAccessorImpl.invoke(NativeMethodAccessorImpl.java:62)
at sun.reflect.DelegatingMethodAccessorImpl.invoke(DelegatingMethodAccessorImpl.java:43)
at java.lang.reflect.Method.invoke(Method.java:498)
at org.testng.internal.MethodInvocationHelper.invokeMethod(MethodInvocationHelper.java:124)
at org.testng.internal.Invoker.invokeMethod(Invoker.java:583)
at org.testng.internal.Invoker.invokeTestMethod(Invoker.java:719)
at org.testng.internal.TestMethodWithDataProviderMethodWorker.call(TestMethodWithDataProviderMethodWorker.java:71)
at org.testng.internal.TestMethodWithDataProviderMethodWorker.call(TestMethodWithDataProviderMethodWorker.java:14)
at java.util.concurrent.FutureTask.run(FutureTask.java:266)
at java.util.concurrent.Executors$RunnableAdapter.call(Executors.java:511)
at java.util.concurrent.FutureTask.run(FutureTask.java:266)
at java.util.concurrent.ThreadPoolExecutor.runWorker(ThreadPoolExecutor.java:1149)
at java.util.concurrent.ThreadPoolExecutor$Worker.run(ThreadPoolExecutor.java:624)
at java.lang.Thread.run(Thread.java:748)
]]>
            </full-stacktrace>
          </exception> <!-- com.applitools.eyes.exceptions.DiffsFoundException -->
          <reporter-output>
          </reporter-output>
        </test-method> <!-- runScenario -->
        <test-method status="PASS" signature="tearDownClass()[pri:0, instance:runnerFiles.TestRunner@5afa04c]" name="tearDownClass" is-config="true" duration-ms="104" started-at="2019-11-18T17:09:32Z" finished-at="2019-11-18T17:09:32Z">
          <reporter-output>
          </reporter-output>
        </test-method> <!-- tearDownClass -->
      </class> <!-- runnerFiles.TestRunner -->
    </test> <!-- Test -->
  </suite> <!-- Suite -->
</testng-results>
