<?xml version="1.0" encoding="UTF-8"?>
<testng-results skipped="0" failed="0" ignored="0" total="4" passed="4">
  <reporter-output>
  </reporter-output>
  <suite name="Suite" duration-ms="38507" started-at="2019-11-17T16:50:50Z" finished-at="2019-11-17T16:51:28Z">
    <groups>
      <group name="cucumber">
        <method signature="AbstractTestNGCucumberTests.runScenario(io.cucumber.testng.PickleEventWrapper, io.cucumber.testng.CucumberFeatureWrapper)[pri:0, instance:runnerFiles.TestRunner@5afa04c]" name="runScenario" class="io.cucumber.testng.AbstractTestNGCucumberTests"/>
      </group> <!-- cucumber -->
    </groups>
    <test name="Test" duration-ms="38507" started-at="2019-11-17T16:50:50Z" finished-at="2019-11-17T16:51:28Z">
      <class name="runnerFiles.TestRunner">
        <test-method status="PASS" signature="setUpClass()[pri:0, instance:runnerFiles.TestRunner@5afa04c]" name="setUpClass" is-config="true" duration-ms="51" started-at="2019-11-17T16:50:50Z" finished-at="2019-11-17T16:50:50Z">
          <reporter-output>
          </reporter-output>
        </test-method> <!-- setUpClass -->
        <test-method status="PASS" signature="runScenario(io.cucumber.testng.PickleEventWrapper, io.cucumber.testng.CucumberFeatureWrapper)[pri:0, instance:runnerFiles.TestRunner@5afa04c]" name="runScenario" duration-ms="19486" started-at="2019-11-17T16:50:50Z" description="Runs Cucumber Scenarios" data-provider="scenarios" finished-at="2019-11-17T16:51:09Z">
          <params>
            <param index="0">
              <value>
                <![CDATA["As customer Jack wants to sort dashboard table in ascending order of amounts"]]>
              </value>
            </param>
            <param index="1">
              <value>
                <![CDATA["As a customer verify the sort Functionality available in dashboard"]]>
              </value>
            </param>
          </params>
          <reporter-output>
          </reporter-output>
        </test-method> <!-- runScenario -->
        <test-method status="PASS" signature="runScenario(io.cucumber.testng.PickleEventWrapper, io.cucumber.testng.CucumberFeatureWrapper)[pri:0, instance:runnerFiles.TestRunner@5afa04c]" name="runScenario" duration-ms="38374" started-at="2019-11-17T16:50:50Z" description="Runs Cucumber Scenarios" data-provider="scenarios" finished-at="2019-11-17T16:51:28Z">
          <params>
            <param index="0">
              <value>
                <![CDATA["Login page functionality using applitools"]]>
              </value>
            </param>
            <param index="1">
              <value>
                <![CDATA["As an existing customer verify the UI and Functionality of the login page"]]>
              </value>
            </param>
          </params>
          <reporter-output>
          </reporter-output>
        </test-method> <!-- runScenario -->
        <test-method status="PASS" signature="runScenario(io.cucumber.testng.PickleEventWrapper, io.cucumber.testng.CucumberFeatureWrapper)[pri:0, instance:runnerFiles.TestRunner@5afa04c]" name="runScenario" duration-ms="26352" started-at="2019-11-17T16:50:50Z" description="Runs Cucumber Scenarios" data-provider="scenarios" finished-at="2019-11-17T16:51:16Z">
          <params>
            <param index="0">
              <value>
                <![CDATA["As customer Jack wants to see expense charts for year 2018 and 2019"]]>
              </value>
            </param>
            <param index="1">
              <value>
                <![CDATA["As customer verify the Chart Functionality available in dashboard"]]>
              </value>
            </param>
          </params>
          <reporter-output>
          </reporter-output>
        </test-method> <!-- runScenario -->
        <test-method status="PASS" signature="runScenario(io.cucumber.testng.PickleEventWrapper, io.cucumber.testng.CucumberFeatureWrapper)[pri:0, instance:runnerFiles.TestRunner@5afa04c]" name="runScenario" duration-ms="18732" started-at="2019-11-17T16:50:50Z" description="Runs Cucumber Scenarios" data-provider="scenarios" finished-at="2019-11-17T16:51:08Z">
          <params>
            <param index="0">
              <value>
                <![CDATA["As an existing customer Mr John is at login page"]]>
              </value>
            </param>
            <param index="1">
              <value>
                <![CDATA["As an existing customer verify the UI and Functionality of the login page"]]>
              </value>
            </param>
          </params>
          <reporter-output>
          </reporter-output>
        </test-method> <!-- runScenario -->
        <test-method status="PASS" signature="tearDownClass()[pri:0, instance:runnerFiles.TestRunner@5afa04c]" name="tearDownClass" is-config="true" duration-ms="41" started-at="2019-11-17T16:51:28Z" finished-at="2019-11-17T16:51:28Z">
          <reporter-output>
          </reporter-output>
        </test-method> <!-- tearDownClass -->
      </class> <!-- runnerFiles.TestRunner -->
    </test> <!-- Test -->
  </suite> <!-- Suite -->
</testng-results>
