<?xml version="1.0" encoding="UTF-8"?>
<testng-results skipped="0" failed="0" ignored="0" total="1" passed="1">
  <reporter-output>
  </reporter-output>
  <suite name="Suite" duration-ms="3693" started-at="2019-11-12T17:46:11Z" finished-at="2019-11-12T17:46:14Z">
    <groups>
      <group name="cucumber">
        <method signature="AbstractTestNGCucumberTests.runScenario(io.cucumber.testng.PickleEventWrapper, io.cucumber.testng.CucumberFeatureWrapper)[pri:0, instance:runnerFiles.TestRunner@6574b225]" name="runScenario" class="io.cucumber.testng.AbstractTestNGCucumberTests"/>
      </group> <!-- cucumber -->
    </groups>
    <test name="Test" duration-ms="3693" started-at="2019-11-12T17:46:11Z" finished-at="2019-11-12T17:46:14Z">
      <class name="runnerFiles.TestRunner">
        <test-method status="PASS" signature="setUpClass()[pri:0, instance:runnerFiles.TestRunner@6574b225]" name="setUpClass" is-config="true" duration-ms="41" started-at="2019-11-12T17:46:11Z" finished-at="2019-11-12T17:46:11Z">
          <reporter-output>
          </reporter-output>
        </test-method> <!-- setUpClass -->
        <test-method status="PASS" signature="runScenario(io.cucumber.testng.PickleEventWrapper, io.cucumber.testng.CucumberFeatureWrapper)[pri:0, instance:runnerFiles.TestRunner@6574b225]" name="runScenario" duration-ms="3580" started-at="2019-11-12T17:46:11Z" description="Runs Cucumber Scenarios" data-provider="scenarios" finished-at="2019-11-12T17:46:14Z">
          <params>
            <param index="0">
              <value>
                <![CDATA["Make sure all UI components are present in the page"]]>
              </value>
            </param>
            <param index="1">
              <value>
                <![CDATA["Customer login"]]>
              </value>
            </param>
          </params>
          <reporter-output>
          </reporter-output>
        </test-method> <!-- runScenario -->
        <test-method status="PASS" signature="tearDownClass()[pri:0, instance:runnerFiles.TestRunner@6574b225]" name="tearDownClass" is-config="true" duration-ms="37" started-at="2019-11-12T17:46:14Z" finished-at="2019-11-12T17:46:14Z">
          <reporter-output>
          </reporter-output>
        </test-method> <!-- tearDownClass -->
      </class> <!-- runnerFiles.TestRunner -->
    </test> <!-- Test -->
  </suite> <!-- Suite -->
</testng-results>
